# JRE version: Java(TM) SE Runtime Environment (8.0_131-b11) (build 1.8.0_131-b11)
# Java VM: Java HotSpot(TM) 64-Bit Server VM (25.131-b11 mixed mode windows-amd64 compressed oops)
Heap:
 PSYoungGen      total 670720K, used 362034K [0x00000000d5c00000, 0x00000000ffe80000, 0x0000000100000000)
  eden space 651776K, 55% used [0x00000000d5c00000,0x00000000ebbdcf10,0x00000000fd880000)
  from space 18944K, 9% used [0x00000000fec00000,0x00000000fedaf998,0x00000000ffe80000)
  to   space 19456K, 0% used [0x00000000fd880000,0x00000000fd880000,0x00000000feb80000)
 ParOldGen       total 115200K, used 40008K [0x0000000081400000, 0x0000000088480000, 0x00000000d5c00000)
  object space 115200K, 34% used [0x0000000081400000,0x0000000083b120e8,0x0000000088480000)
 Metaspace       used 59896K, capacity 61368K, committed 73576K, reserved 1120256K
  class space    used 2745K, capacity 2954K, committed 3072K, reserved 1048576K
GC Heap History (10 events):
Event: 700.549 GC heap before
{Heap before GC invocations=35 (full 5):
 PSYoungGen      total 668672K, used 648704K [0x00000000d5c00000, 0x0000000100000000, 0x0000000100000000)
  eden space 648704K, 100% used [0x00000000d5c00000,0x00000000fd580000,0x00000000fd580000)
  from space 19968K, 0% used [0x00000000fd580000,0x00000000fd580000,0x00000000fe900000)
  to   space 20480K, 0% used [0x00000000fec00000,0x00000000fec00000,0x0000000100000000)
 ParOldGen       total 115200K, used 21991K [0x0000000081400000, 0x0000000088480000, 0x00000000d5c00000)
  object space 115200K, 19% used [0x0000000081400000,0x0000000082979e48,0x0000000088480000)
 Metaspace       used 59892K, capacity 61368K, committed 73576K, reserved 1120256K
  class space    used 2745K, capacity 2954K, committed 3072K, reserved 1048576K
Event: 700.577 GC heap after
Heap after GC invocations=35 (full 5):
 PSYoungGen      total 670720K, used 12410K [0x00000000d5c00000, 0x0000000100000000, 0x0000000100000000)
  eden space 650240K, 0% used [0x00000000d5c00000,0x00000000d5c00000,0x00000000fd700000)
  from space 20480K, 60% used [0x00000000fec00000,0x00000000ff81eab8,0x0000000100000000)
  to   space 20992K, 0% used [0x00000000fd700000,0x00000000fd700000,0x00000000feb80000)
 ParOldGen       total 115200K, used 21991K [0x0000000081400000, 0x0000000088480000, 0x00000000d5c00000)
  object space 115200K, 19% used [0x0000000081400000,0x0000000082979e48,0x0000000088480000)
 Metaspace       used 59892K, capacity 61368K, committed 73576K, reserved 1120256K
  class space    used 2745K, capacity 2954K, committed 3072K, reserved 1048576K
}
Event: 701.786 GC heap before
{Heap before GC invocations=36 (full 5):
 PSYoungGen      total 670720K, used 662650K [0x00000000d5c00000, 0x0000000100000000, 0x0000000100000000)
  eden space 650240K, 100% used [0x00000000d5c00000,0x00000000fd700000,0x00000000fd700000)
  from space 20480K, 60% used [0x00000000fec00000,0x00000000ff81eab8,0x0000000100000000)
  to   space 20992K, 0% used [0x00000000fd700000,0x00000000fd700000,0x00000000feb80000)
 ParOldGen       total 115200K, used 21991K [0x0000000081400000, 0x0000000088480000, 0x00000000d5c00000)
  object space 115200K, 19% used [0x0000000081400000,0x0000000082979e48,0x0000000088480000)
 Metaspace       used 59893K, capacity 61368K, committed 73576K, reserved 1120256K
  class space    used 2745K, capacity 2954K, committed 3072K, reserved 1048576K
Event: 701.810 GC heap after
Heap after GC invocations=36 (full 5):
 PSYoungGen      total 671232K, used 1152K [0x00000000d5c00000, 0x0000000100000000, 0x0000000100000000)
  eden space 650240K, 0% used [0x00000000d5c00000,0x00000000d5c00000,0x00000000fd700000)
  from space 20992K, 5% used [0x00000000fd700000,0x00000000fd820100,0x00000000feb80000)
  to   space 20992K, 0% used [0x00000000feb80000,0x00000000feb80000,0x0000000100000000)
 ParOldGen       total 115200K, used 34126K [0x0000000081400000, 0x0000000088480000, 0x00000000d5c00000)
  object space 115200K, 29% used [0x0000000081400000,0x0000000083553b68,0x0000000088480000)
 Metaspace       used 59893K, capacity 61368K, committed 73576K, reserved 1120256K
  class space    used 2745K, capacity 2954K, committed 3072K, reserved 1048576K
}
Event: 702.963 GC heap before
{Heap before GC invocations=37 (full 5):
 PSYoungGen      total 671232K, used 651392K [0x00000000d5c00000, 0x0000000100000000, 0x0000000100000000)
  eden space 650240K, 100% used [0x00000000d5c00000,0x00000000fd700000,0x00000000fd700000)
  from space 20992K, 5% used [0x00000000fd700000,0x00000000fd820100,0x00000000feb80000)
  to   space 20992K, 0% used [0x00000000feb80000,0x00000000feb80000,0x0000000100000000)
 ParOldGen       total 115200K, used 36765K [0x0000000081400000, 0x0000000088480000, 0x00000000d5c00000)
  object space 115200K, 31% used [0x0000000081400000,0x00000000837e7758,0x0000000088480000)
 Metaspace       used 59894K, capacity 61368K, committed 73576K, reserved 1120256K
  class space    used 2745K, capacity 2954K, committed 3072K, reserved 1048576K
Event: 703.176 GC heap after
Heap after GC invocations=37 (full 5):
 PSYoungGen      total 670208K, used 1440K [0x00000000d5c00000, 0x00000000fff00000, 0x0000000100000000)
  eden space 650240K, 0% used [0x00000000d5c00000,0x00000000d5c00000,0x00000000fd700000)
  from space 19968K, 7% used [0x00000000feb80000,0x00000000fece8000,0x00000000fff00000)
  to   space 20480K, 0% used [0x00000000fd700000,0x00000000fd700000,0x00000000feb00000)
 ParOldGen       total 115200K, used 37685K [0x0000000081400000, 0x0000000088480000, 0x00000000d5c00000)
  object space 115200K, 32% used [0x0000000081400000,0x00000000838cd758,0x0000000088480000)
 Metaspace       used 59894K, capacity 61368K, committed 73576K, reserved 1120256K
  class space    used 2745K, capacity 2954K, committed 3072K, reserved 1048576K
}
Event: 704.040 GC heap before
{Heap before GC invocations=38 (full 5):
 PSYoungGen      total 670208K, used 651680K [0x00000000d5c00000, 0x00000000fff00000, 0x0000000100000000)
  eden space 650240K, 100% used [0x00000000d5c00000,0x00000000fd700000,0x00000000fd700000)
  from space 19968K, 7% used [0x00000000feb80000,0x00000000fece8000,0x00000000fff00000)
  to   space 20480K, 0% used [0x00000000fd700000,0x00000000fd700000,0x00000000feb00000)
 ParOldGen       total 115200K, used 37720K [0x0000000081400000, 0x0000000088480000, 0x00000000d5c00000)
  object space 115200K, 32% used [0x0000000081400000,0x00000000838d6138,0x0000000088480000)
 Metaspace       used 59894K, capacity 61368K, committed 73576K, reserved 1120256K
  class space    used 2745K, capacity 2954K, committed 3072K, reserved 1048576K
Event: 704.067 GC heap after
Heap after GC invocations=38 (full 5):
 PSYoungGen      total 670720K, used 991K [0x00000000d5c00000, 0x00000000fff80000, 0x0000000100000000)
  eden space 650240K, 0% used [0x00000000d5c00000,0x00000000d5c00000,0x00000000fd700000)
  from space 20480K, 4% used [0x00000000fd700000,0x00000000fd7f7f70,0x00000000feb00000)
  to   space 19968K, 0% used [0x00000000fec00000,0x00000000fec00000,0x00000000fff80000)
 ParOldGen       total 115200K, used 39112K [0x0000000081400000, 0x0000000088480000, 0x00000000d5c00000)
  object space 115200K, 33% used [0x0000000081400000,0x0000000083a32138,0x0000000088480000)
 Metaspace       used 59894K, capacity 61368K, committed 73576K, reserved 1120256K
  class space    used 2745K, capacity 2954K, committed 3072K, reserved 1048576K
}
Event: 705.400 GC heap before
{Heap before GC invocations=39 (full 5):
 PSYoungGen      total 670720K, used 651231K [0x00000000d5c00000, 0x00000000fff80000, 0x0000000100000000)
  eden space 650240K, 100% used [0x00000000d5c00000,0x00000000fd700000,0x00000000fd700000)
  from space 20480K, 4% used [0x00000000fd700000,0x00000000fd7f7f70,0x00000000feb00000)
  to   space 19968K, 0% used [0x00000000fec00000,0x00000000fec00000,0x00000000fff80000)
 ParOldGen       total 115200K, used 39112K [0x0000000081400000, 0x0000000088480000, 0x00000000d5c00000)
  object space 115200K, 33% used [0x0000000081400000,0x0000000083a32138,0x0000000088480000)
 Metaspace       used 59895K, capacity 61368K, committed 73576K, reserved 1120256K
  class space    used 2745K, capacity 2954K, committed 3072K, reserved 1048576K
Event: 705.438 GC heap after
Heap after GC invocations=39 (full 5):
 PSYoungGen      total 670720K, used 1726K [0x00000000d5c00000, 0x00000000ffe80000, 0x0000000100000000)
  eden space 651776K, 0% used [0x00000000d5c00000,0x00000000d5c00000,0x00000000fd880000)
  from space 18944K, 9% used [0x00000000fec00000,0x00000000fedaf998,0x00000000ffe80000)
  to   space 19456K, 0% used [0x00000000fd880000,0x00000000fd880000,0x00000000feb80000)
 ParOldGen       total 115200K, used 40008K [0x0000000081400000, 0x0000000088480000, 0x00000000d5c00000)
  object space 115200K, 34% used [0x0000000081400000,0x0000000083b120e8,0x0000000088480000)
 Metaspace       used 59895K, capacity 61368K, committed 73576K, reserved 1120256K
  class space    used 2745K, capacity 2954K, committed 3072K, reserved 1048576K
}

