# JRE version: Java(TM) SE Runtime Environment (8.0_131-b11) (build 1.8.0_131-b11)
# Java VM: Java HotSpot(TM) 64-Bit Server VM (25.131-b11 mixed mode windows-amd64 compressed oops)
Heap:
 PSYoungGen      total 528384K, used 356461K [0x00000000d5c00000, 0x00000000fbe00000, 0x0000000100000000)
  eden space 503296K, 69% used [0x00000000d5c00000,0x00000000eb386110,0x00000000f4780000)
  from space 25088K, 18% used [0x00000000fa580000,0x00000000faa154e8,0x00000000fbe00000)
  to   space 24064K, 0% used [0x00000000f4780000,0x00000000f4780000,0x00000000f5f00000)
 ParOldGen       total 112128K, used 30525K [0x0000000081400000, 0x0000000088180000, 0x00000000d5c00000)
  object space 112128K, 27% used [0x0000000081400000,0x00000000831cf7a8,0x0000000088180000)
 Metaspace       used 55729K, capacity 57076K, committed 57944K, reserved 1103872K
  class space    used 2738K, capacity 2944K, committed 3072K, reserved 1048576K
GC Heap History (10 events):
Event: 9.313 GC heap before
{Heap before GC invocations=17 (full 3):
 PSYoungGen      total 527360K, used 504358K [0x00000000d5c00000, 0x00000000f7680000, 0x0000000100000000)
  eden space 503296K, 100% used [0x00000000d5c00000,0x00000000f4780000,0x00000000f4780000)
  from space 24064K, 4% used [0x00000000f4780000,0x00000000f4889b58,0x00000000f5f00000)
  to   space 13824K, 0% used [0x00000000f6900000,0x00000000f6900000,0x00000000f7680000)
 ParOldGen       total 112128K, used 29781K [0x0000000081400000, 0x0000000088180000, 0x00000000d5c00000)
  object space 112128K, 26% used [0x0000000081400000,0x00000000831157a8,0x0000000088180000)
 Metaspace       used 55565K, capacity 56912K, committed 57560K, reserved 1103872K
  class space    used 2733K, capacity 2938K, committed 2944K, reserved 1048576K
Event: 9.317 GC heap after
Heap after GC invocations=17 (full 3):
 PSYoungGen      total 517120K, used 1500K [0x00000000d5c00000, 0x00000000f7680000, 0x0000000100000000)
  eden space 503296K, 0% used [0x00000000d5c00000,0x00000000d5c00000,0x00000000f4780000)
  from space 13824K, 10% used [0x00000000f6900000,0x00000000f6a77168,0x00000000f7680000)
  to   space 24064K, 0% used [0x00000000f4780000,0x00000000f4780000,0x00000000f5f00000)
 ParOldGen       total 112128K, used 30517K [0x0000000081400000, 0x0000000088180000, 0x00000000d5c00000)
  object space 112128K, 27% used [0x0000000081400000,0x00000000831cd7a8,0x0000000088180000)
 Metaspace       used 55565K, capacity 56912K, committed 57560K, reserved 1103872K
  class space    used 2733K, capacity 2938K, committed 2944K, reserved 1048576K
}
Event: 9.708 GC heap before
{Heap before GC invocations=18 (full 3):
 PSYoungGen      total 517120K, used 504796K [0x00000000d5c00000, 0x00000000f7680000, 0x0000000100000000)
  eden space 503296K, 100% used [0x00000000d5c00000,0x00000000f4780000,0x00000000f4780000)
  from space 13824K, 10% used [0x00000000f6900000,0x00000000f6a77168,0x00000000f7680000)
  to   space 24064K, 0% used [0x00000000f4780000,0x00000000f4780000,0x00000000f5f00000)
 ParOldGen       total 112128K, used 30517K [0x0000000081400000, 0x0000000088180000, 0x00000000d5c00000)
  object space 112128K, 27% used [0x0000000081400000,0x00000000831cd7a8,0x0000000088180000)
 Metaspace       used 55573K, capacity 56912K, committed 57560K, reserved 1103872K
  class space    used 2733K, capacity 2938K, committed 2944K, reserved 1048576K
Event: 9.721 GC heap after
Heap after GC invocations=18 (full 3):
 PSYoungGen      total 527360K, used 1999K [0x00000000d5c00000, 0x00000000f7680000, 0x0000000100000000)
  eden space 503296K, 0% used [0x00000000d5c00000,0x00000000d5c00000,0x00000000f4780000)
  from space 24064K, 8% used [0x00000000f4780000,0x00000000f4973d20,0x00000000f5f00000)
  to   space 13824K, 0% used [0x00000000f6900000,0x00000000f6900000,0x00000000f7680000)
 ParOldGen       total 112128K, used 30517K [0x0000000081400000, 0x0000000088180000, 0x00000000d5c00000)
  object space 112128K, 27% used [0x0000000081400000,0x00000000831cd7a8,0x0000000088180000)
 Metaspace       used 55573K, capacity 56912K, committed 57560K, reserved 1103872K
  class space    used 2733K, capacity 2938K, committed 2944K, reserved 1048576K
}
Event: 10.163 GC heap before
{Heap before GC invocations=19 (full 3):
 PSYoungGen      total 527360K, used 505295K [0x00000000d5c00000, 0x00000000f7680000, 0x0000000100000000)
  eden space 503296K, 100% used [0x00000000d5c00000,0x00000000f4780000,0x00000000f4780000)
  from space 24064K, 8% used [0x00000000f4780000,0x00000000f4973d20,0x00000000f5f00000)
  to   space 13824K, 0% used [0x00000000f6900000,0x00000000f6900000,0x00000000f7680000)
 ParOldGen       total 112128K, used 30517K [0x0000000081400000, 0x0000000088180000, 0x00000000d5c00000)
  object space 112128K, 27% used [0x0000000081400000,0x00000000831cd7a8,0x0000000088180000)
 Metaspace       used 55673K, capacity 57040K, committed 57816K, reserved 1103872K
  class space    used 2733K, capacity 2938K, committed 2944K, reserved 1048576K
Event: 10.166 GC heap after
Heap after GC invocations=19 (full 3):
 PSYoungGen      total 517120K, used 2711K [0x00000000d5c00000, 0x00000000f7680000, 0x0000000100000000)
  eden space 503296K, 0% used [0x00000000d5c00000,0x00000000d5c00000,0x00000000f4780000)
  from space 13824K, 19% used [0x00000000f6900000,0x00000000f6ba5dd0,0x00000000f7680000)
  to   space 24064K, 0% used [0x00000000f4780000,0x00000000f4780000,0x00000000f5f00000)
 ParOldGen       total 112128K, used 30525K [0x0000000081400000, 0x0000000088180000, 0x00000000d5c00000)
  object space 112128K, 27% used [0x0000000081400000,0x00000000831cf7a8,0x0000000088180000)
 Metaspace       used 55673K, capacity 57040K, committed 57816K, reserved 1103872K
  class space    used 2733K, capacity 2938K, committed 2944K, reserved 1048576K
}
Event: 10.724 GC heap before
{Heap before GC invocations=20 (full 3):
 PSYoungGen      total 517120K, used 506007K [0x00000000d5c00000, 0x00000000f7680000, 0x0000000100000000)
  eden space 503296K, 100% used [0x00000000d5c00000,0x00000000f4780000,0x00000000f4780000)
  from space 13824K, 19% used [0x00000000f6900000,0x00000000f6ba5dd0,0x00000000f7680000)
  to   space 24064K, 0% used [0x00000000f4780000,0x00000000f4780000,0x00000000f5f00000)
 ParOldGen       total 112128K, used 30525K [0x0000000081400000, 0x0000000088180000, 0x00000000d5c00000)
  object space 112128K, 27% used [0x0000000081400000,0x00000000831cf7a8,0x0000000088180000)
 Metaspace       used 55677K, capacity 57040K, committed 57816K, reserved 1103872K
  class space    used 2733K, capacity 2938K, committed 2944K, reserved 1048576K
Event: 10.727 GC heap after
Heap after GC invocations=20 (full 3):
 PSYoungGen      total 527360K, used 3919K [0x00000000d5c00000, 0x00000000fbe00000, 0x0000000100000000)
  eden space 503296K, 0% used [0x00000000d5c00000,0x00000000d5c00000,0x00000000f4780000)
  from space 24064K, 16% used [0x00000000f4780000,0x00000000f4b53ec8,0x00000000f5f00000)
  to   space 25088K, 0% used [0x00000000fa580000,0x00000000fa580000,0x00000000fbe00000)
 ParOldGen       total 112128K, used 30525K [0x0000000081400000, 0x0000000088180000, 0x00000000d5c00000)
  object space 112128K, 27% used [0x0000000081400000,0x00000000831cf7a8,0x0000000088180000)
 Metaspace       used 55677K, capacity 57040K, committed 57816K, reserved 1103872K
  class space    used 2733K, capacity 2938K, committed 2944K, reserved 1048576K
}
Event: 11.098 GC heap before
{Heap before GC invocations=21 (full 3):
 PSYoungGen      total 527360K, used 507215K [0x00000000d5c00000, 0x00000000fbe00000, 0x0000000100000000)
  eden space 503296K, 100% used [0x00000000d5c00000,0x00000000f4780000,0x00000000f4780000)
  from space 24064K, 16% used [0x00000000f4780000,0x00000000f4b53ec8,0x00000000f5f00000)
  to   space 25088K, 0% used [0x00000000fa580000,0x00000000fa580000,0x00000000fbe00000)
 ParOldGen       total 112128K, used 30525K [0x0000000081400000, 0x0000000088180000, 0x00000000d5c00000)
  object space 112128K, 27% used [0x0000000081400000,0x00000000831cf7a8,0x0000000088180000)
 Metaspace       used 55677K, capacity 57040K, committed 57816K, reserved 1103872K
  class space    used 2733K, capacity 2938K, committed 2944K, reserved 1048576K
Event: 11.431 GC heap after
Heap after GC invocations=21 (full 3):
 PSYoungGen      total 528384K, used 4693K [0x00000000d5c00000, 0x00000000fbe00000, 0x0000000100000000)
  eden space 503296K, 0% used [0x00000000d5c00000,0x00000000d5c00000,0x00000000f4780000)
  from space 25088K, 18% used [0x00000000fa580000,0x00000000faa154e8,0x00000000fbe00000)
  to   space 24064K, 0% used [0x00000000f4780000,0x00000000f4780000,0x00000000f5f00000)
 ParOldGen       total 112128K, used 30525K [0x0000000081400000, 0x0000000088180000, 0x00000000d5c00000)
  object space 112128K, 27% used [0x0000000081400000,0x00000000831cf7a8,0x0000000088180000)
 Metaspace       used 55677K, capacity 57040K, committed 57816K, reserved 1103872K
  class space    used 2733K, capacity 2938K, committed 2944K, reserved 1048576K
}

