# JRE version: Java(TM) SE Runtime Environment (8.0_131-b11) (build 1.8.0_131-b11)
# Java VM: Java HotSpot(TM) 64-Bit Server VM (25.131-b11 mixed mode windows-amd64 compressed oops)
Heap:
 PSYoungGen      total 119808K, used 71477K [0x00000000d5c00000, 0x00000000de800000, 0x0000000100000000)
  eden space 114688K, 57% used [0x00000000d5c00000,0x00000000d9ccebc8,0x00000000dcc00000)
  from space 5120K, 99% used [0x00000000de300000,0x00000000de7fe9f8,0x00000000de800000)
  to   space 5120K, 0% used [0x00000000dde00000,0x00000000dde00000,0x00000000de300000)
 ParOldGen       total 71680K, used 22734K [0x0000000081400000, 0x0000000085a00000, 0x00000000d5c00000)
  object space 71680K, 31% used [0x0000000081400000,0x0000000082a33b40,0x0000000085a00000)
 Metaspace       used 25957K, capacity 26948K, committed 27264K, reserved 1073152K
  class space    used 2702K, capacity 2892K, committed 2944K, reserved 1048576K
GC Heap History (10 events):
Event: 1.367 GC heap before
{Heap before GC invocations=1 (full 0):
 PSYoungGen      total 38400K, used 31808K [0x00000000d5c00000, 0x00000000d8680000, 0x0000000100000000)
  eden space 33280K, 95% used [0x00000000d5c00000,0x00000000d7b10100,0x00000000d7c80000)
  from space 5120K, 0% used [0x00000000d8180000,0x00000000d8180000,0x00000000d8680000)
  to   space 5120K, 0% used [0x00000000d7c80000,0x00000000d7c80000,0x00000000d8180000)
 ParOldGen       total 87552K, used 0K [0x0000000081400000, 0x0000000086980000, 0x00000000d5c00000)
  object space 87552K, 0% used [0x0000000081400000,0x0000000081400000,0x0000000086980000)
 Metaspace       used 14903K, capacity 15680K, committed 15872K, reserved 1062912K
  class space    used 2291K, capacity 2499K, committed 2560K, reserved 1048576K
Event: 1.419 GC heap after
Heap after GC invocations=1 (full 0):
 PSYoungGen      total 38400K, used 4908K [0x00000000d5c00000, 0x00000000da700000, 0x0000000100000000)
  eden space 33280K, 0% used [0x00000000d5c00000,0x00000000d5c00000,0x00000000d7c80000)
  from space 5120K, 95% used [0x00000000d7c80000,0x00000000d814b000,0x00000000d8180000)
  to   space 5120K, 0% used [0x00000000da200000,0x00000000da200000,0x00000000da700000)
 ParOldGen       total 87552K, used 16K [0x0000000081400000, 0x0000000086980000, 0x00000000d5c00000)
  object space 87552K, 0% used [0x0000000081400000,0x0000000081404000,0x0000000086980000)
 Metaspace       used 14903K, capacity 15680K, committed 15872K, reserved 1062912K
  class space    used 2291K, capacity 2499K, committed 2560K, reserved 1048576K
}
Event: 2.890 GC heap before
{Heap before GC invocations=2 (full 0):
 PSYoungGen      total 38400K, used 38188K [0x00000000d5c00000, 0x00000000da700000, 0x0000000100000000)
  eden space 33280K, 100% used [0x00000000d5c00000,0x00000000d7c80000,0x00000000d7c80000)
  from space 5120K, 95% used [0x00000000d7c80000,0x00000000d814b000,0x00000000d8180000)
  to   space 5120K, 0% used [0x00000000da200000,0x00000000da200000,0x00000000da700000)
 ParOldGen       total 87552K, used 16K [0x0000000081400000, 0x0000000086980000, 0x00000000d5c00000)
  object space 87552K, 0% used [0x0000000081400000,0x0000000081404000,0x0000000086980000)
 Metaspace       used 18626K, capacity 19470K, committed 19584K, reserved 1067008K
  class space    used 2669K, capacity 2846K, committed 2944K, reserved 1048576K
Event: 2.914 GC heap after
Heap after GC invocations=2 (full 0):
 PSYoungGen      total 71680K, used 5096K [0x00000000d5c00000, 0x00000000da700000, 0x0000000100000000)
  eden space 66560K, 0% used [0x00000000d5c00000,0x00000000d5c00000,0x00000000d9d00000)
  from space 5120K, 99% used [0x00000000da200000,0x00000000da6fa190,0x00000000da700000)
  to   space 5120K, 0% used [0x00000000d9d00000,0x00000000d9d00000,0x00000000da200000)
 ParOldGen       total 87552K, used 13606K [0x0000000081400000, 0x0000000086980000, 0x00000000d5c00000)
  object space 87552K, 15% used [0x0000000081400000,0x0000000082149988,0x0000000086980000)
 Metaspace       used 18626K, capacity 19470K, committed 19584K, reserved 1067008K
  class space    used 2669K, capacity 2846K, committed 2944K, reserved 1048576K
}
Event: 3.122 GC heap before
{Heap before GC invocations=3 (full 0):
 PSYoungGen      total 71680K, used 23324K [0x00000000d5c00000, 0x00000000da700000, 0x0000000100000000)
  eden space 66560K, 27% used [0x00000000d5c00000,0x00000000d6dccf08,0x00000000d9d00000)
  from space 5120K, 99% used [0x00000000da200000,0x00000000da6fa190,0x00000000da700000)
  to   space 5120K, 0% used [0x00000000d9d00000,0x00000000d9d00000,0x00000000da200000)
 ParOldGen       total 87552K, used 13606K [0x0000000081400000, 0x0000000086980000, 0x00000000d5c00000)
  object space 87552K, 15% used [0x0000000081400000,0x0000000082149988,0x0000000086980000)
 Metaspace       used 20365K, capacity 21196K, committed 21296K, reserved 1067008K
  class space    used 2686K, capacity 2880K, committed 2944K, reserved 1048576K
Event: 3.137 GC heap after
Heap after GC invocations=3 (full 0):
 PSYoungGen      total 71680K, used 5108K [0x00000000d5c00000, 0x00000000de800000, 0x0000000100000000)
  eden space 66560K, 0% used [0x00000000d5c00000,0x00000000d5c00000,0x00000000d9d00000)
  from space 5120K, 99% used [0x00000000d9d00000,0x00000000da1fd170,0x00000000da200000)
  to   space 5120K, 0% used [0x00000000de300000,0x00000000de300000,0x00000000de800000)
 ParOldGen       total 87552K, used 22069K [0x0000000081400000, 0x0000000086980000, 0x00000000d5c00000)
  object space 87552K, 25% used [0x0000000081400000,0x000000008298d6f0,0x0000000086980000)
 Metaspace       used 20365K, capacity 21196K, committed 21296K, reserved 1067008K
  class space    used 2686K, capacity 2880K, committed 2944K, reserved 1048576K
}
Event: 3.137 GC heap before
{Heap before GC invocations=4 (full 1):
 PSYoungGen      total 71680K, used 5108K [0x00000000d5c00000, 0x00000000de800000, 0x0000000100000000)
  eden space 66560K, 0% used [0x00000000d5c00000,0x00000000d5c00000,0x00000000d9d00000)
  from space 5120K, 99% used [0x00000000d9d00000,0x00000000da1fd170,0x00000000da200000)
  to   space 5120K, 0% used [0x00000000de300000,0x00000000de300000,0x00000000de800000)
 ParOldGen       total 87552K, used 22069K [0x0000000081400000, 0x0000000086980000, 0x00000000d5c00000)
  object space 87552K, 25% used [0x0000000081400000,0x000000008298d6f0,0x0000000086980000)
 Metaspace       used 20365K, capacity 21196K, committed 21296K, reserved 1067008K
  class space    used 2686K, capacity 2880K, committed 2944K, reserved 1048576K
Event: 3.185 GC heap after
Heap after GC invocations=4 (full 1):
 PSYoungGen      total 71680K, used 0K [0x00000000d5c00000, 0x00000000de800000, 0x0000000100000000)
  eden space 66560K, 0% used [0x00000000d5c00000,0x00000000d5c00000,0x00000000d9d00000)
  from space 5120K, 0% used [0x00000000d9d00000,0x00000000d9d00000,0x00000000da200000)
  to   space 5120K, 0% used [0x00000000de300000,0x00000000de300000,0x00000000de800000)
 ParOldGen       total 71680K, used 13322K [0x0000000081400000, 0x0000000085a00000, 0x00000000d5c00000)
  object space 71680K, 18% used [0x0000000081400000,0x00000000821029a0,0x0000000085a00000)
 Metaspace       used 20365K, capacity 21196K, committed 21296K, reserved 1067008K
  class space    used 2686K, capacity 2880K, committed 2944K, reserved 1048576K
}
Event: 3.692 GC heap before
{Heap before GC invocations=5 (full 1):
 PSYoungGen      total 71680K, used 66560K [0x00000000d5c00000, 0x00000000de800000, 0x0000000100000000)
  eden space 66560K, 100% used [0x00000000d5c00000,0x00000000d9d00000,0x00000000d9d00000)
  from space 5120K, 0% used [0x00000000d9d00000,0x00000000d9d00000,0x00000000da200000)
  to   space 5120K, 0% used [0x00000000de300000,0x00000000de300000,0x00000000de800000)
 ParOldGen       total 71680K, used 13322K [0x0000000081400000, 0x0000000085a00000, 0x00000000d5c00000)
  object space 71680K, 18% used [0x0000000081400000,0x00000000821029a0,0x0000000085a00000)
 Metaspace       used 23171K, capacity 24126K, committed 24448K, reserved 1071104K
  class space    used 2696K, capacity 2886K, committed 2944K, reserved 1048576K
Event: 3.713 GC heap after
Heap after GC invocations=5 (full 1):
 PSYoungGen      total 119808K, used 5114K [0x00000000d5c00000, 0x00000000de800000, 0x0000000100000000)
  eden space 114688K, 0% used [0x00000000d5c00000,0x00000000d5c00000,0x00000000dcc00000)
  from space 5120K, 99% used [0x00000000de300000,0x00000000de7fe9f8,0x00000000de800000)
  to   space 5120K, 0% used [0x00000000dde00000,0x00000000dde00000,0x00000000de300000)
 ParOldGen       total 71680K, used 22734K [0x0000000081400000, 0x0000000085a00000, 0x00000000d5c00000)
  object space 71680K, 31% used [0x0000000081400000,0x0000000082a33b40,0x0000000085a00000)
 Metaspace       used 23171K, capacity 24126K, committed 24448K, reserved 1071104K
  class space    used 2696K, capacity 2886K, committed 2944K, reserved 1048576K
}

