# JRE version: Java(TM) SE Runtime Environment (8.0_131-b11) (build 1.8.0_131-b11)
# Java VM: Java HotSpot(TM) 64-Bit Server VM (25.131-b11 mixed mode windows-amd64 compressed oops)
Heap:
 PSYoungGen      total 672768K, used 409932K [0x00000000d5c00000, 0x00000000fff80000, 0x0000000100000000)
  eden space 654848K, 61% used [0x00000000d5c00000,0x00000000ee5230d8,0x00000000fdb80000)
  from space 17920K, 41% used [0x00000000fee00000,0x00000000ff5301a0,0x00000000fff80000)
  to   space 18432K, 0% used [0x00000000fdb80000,0x00000000fdb80000,0x00000000fed80000)
 ParOldGen       total 133632K, used 18822K [0x0000000081400000, 0x0000000089680000, 0x00000000d5c00000)
  object space 133632K, 14% used [0x0000000081400000,0x0000000082661a80,0x0000000089680000)
 Metaspace       used 44443K, capacity 45600K, committed 70504K, reserved 1116160K
  class space    used 2724K, capacity 2932K, committed 3072K, reserved 1048576K
GC Heap History (10 events):
Event: 543.589 GC heap before
{Heap before GC invocations=31 (full 5):
 PSYoungGen      total 667136K, used 645094K [0x00000000d5c00000, 0x0000000100000000, 0x0000000100000000)
  eden space 644608K, 100% used [0x00000000d5c00000,0x00000000fd180000,0x00000000fd180000)
  from space 22528K, 2% used [0x00000000fd180000,0x00000000fd1f9aa8,0x00000000fe780000)
  to   space 22016K, 0% used [0x00000000fea80000,0x00000000fea80000,0x0000000100000000)
 ParOldGen       total 133632K, used 18814K [0x0000000081400000, 0x0000000089680000, 0x00000000d5c00000)
  object space 133632K, 14% used [0x0000000081400000,0x000000008265fa80,0x0000000089680000)
 Metaspace       used 34392K, capacity 35480K, committed 70504K, reserved 1116160K
  class space    used 2707K, capacity 2912K, committed 3072K, reserved 1048576K
Event: 543.592 GC heap after
Heap after GC invocations=31 (full 5):
 PSYoungGen      total 667136K, used 375K [0x00000000d5c00000, 0x00000000ffd80000, 0x0000000100000000)
  eden space 647680K, 0% used [0x00000000d5c00000,0x00000000d5c00000,0x00000000fd480000)
  from space 19456K, 1% used [0x00000000fea80000,0x00000000feadded0,0x00000000ffd80000)
  to   space 20992K, 0% used [0x00000000fd480000,0x00000000fd480000,0x00000000fe900000)
 ParOldGen       total 133632K, used 18814K [0x0000000081400000, 0x0000000089680000, 0x00000000d5c00000)
  object space 133632K, 14% used [0x0000000081400000,0x000000008265fa80,0x0000000089680000)
 Metaspace       used 34392K, capacity 35480K, committed 70504K, reserved 1116160K
  class space    used 2707K, capacity 2912K, committed 3072K, reserved 1048576K
}
Event: 543.755 GC heap before
{Heap before GC invocations=32 (full 5):
 PSYoungGen      total 667136K, used 648055K [0x00000000d5c00000, 0x00000000ffd80000, 0x0000000100000000)
  eden space 647680K, 100% used [0x00000000d5c00000,0x00000000fd480000,0x00000000fd480000)
  from space 19456K, 1% used [0x00000000fea80000,0x00000000feadded0,0x00000000ffd80000)
  to   space 20992K, 0% used [0x00000000fd480000,0x00000000fd480000,0x00000000fe900000)
 ParOldGen       total 133632K, used 18814K [0x0000000081400000, 0x0000000089680000, 0x00000000d5c00000)
  object space 133632K, 14% used [0x0000000081400000,0x000000008265fa80,0x0000000089680000)
 Metaspace       used 34392K, capacity 35480K, committed 70504K, reserved 1116160K
  class space    used 2707K, capacity 2912K, committed 3072K, reserved 1048576K
Event: 543.758 GC heap after
Heap after GC invocations=32 (full 5):
 PSYoungGen      total 668672K, used 282K [0x00000000d5c00000, 0x00000000fff80000, 0x0000000100000000)
  eden space 647680K, 0% used [0x00000000d5c00000,0x00000000d5c00000,0x00000000fd480000)
  from space 20992K, 1% used [0x00000000fd480000,0x00000000fd4c6850,0x00000000fe900000)
  to   space 19968K, 0% used [0x00000000fec00000,0x00000000fec00000,0x00000000fff80000)
 ParOldGen       total 133632K, used 18822K [0x0000000081400000, 0x0000000089680000, 0x00000000d5c00000)
  object space 133632K, 14% used [0x0000000081400000,0x0000000082661a80,0x0000000089680000)
 Metaspace       used 34392K, capacity 35480K, committed 70504K, reserved 1116160K
  class space    used 2707K, capacity 2912K, committed 3072K, reserved 1048576K
}
Event: 543.922 GC heap before
{Heap before GC invocations=33 (full 5):
 PSYoungGen      total 668672K, used 647962K [0x00000000d5c00000, 0x00000000fff80000, 0x0000000100000000)
  eden space 647680K, 100% used [0x00000000d5c00000,0x00000000fd480000,0x00000000fd480000)
  from space 20992K, 1% used [0x00000000fd480000,0x00000000fd4c6850,0x00000000fe900000)
  to   space 19968K, 0% used [0x00000000fec00000,0x00000000fec00000,0x00000000fff80000)
 ParOldGen       total 133632K, used 18822K [0x0000000081400000, 0x0000000089680000, 0x00000000d5c00000)
  object space 133632K, 14% used [0x0000000081400000,0x0000000082661a80,0x0000000089680000)
 Metaspace       used 34392K, capacity 35480K, committed 70504K, reserved 1116160K
  class space    used 2707K, capacity 2912K, committed 3072K, reserved 1048576K
Event: 543.925 GC heap after
Heap after GC invocations=33 (full 5):
 PSYoungGen      total 668672K, used 282K [0x00000000d5c00000, 0x00000000ffd00000, 0x0000000100000000)
  eden space 651264K, 0% used [0x00000000d5c00000,0x00000000d5c00000,0x00000000fd800000)
  from space 17408K, 1% used [0x00000000fec00000,0x00000000fec46808,0x00000000ffd00000)
  to   space 18944K, 0% used [0x00000000fd800000,0x00000000fd800000,0x00000000fea80000)
 ParOldGen       total 133632K, used 18822K [0x0000000081400000, 0x0000000089680000, 0x00000000d5c00000)
  object space 133632K, 14% used [0x0000000081400000,0x0000000082661a80,0x0000000089680000)
 Metaspace       used 34392K, capacity 35480K, committed 70504K, reserved 1116160K
  class space    used 2707K, capacity 2912K, committed 3072K, reserved 1048576K
}
Event: 544.092 GC heap before
{Heap before GC invocations=34 (full 5):
 PSYoungGen      total 668672K, used 651546K [0x00000000d5c00000, 0x00000000ffd00000, 0x0000000100000000)
  eden space 651264K, 100% used [0x00000000d5c00000,0x00000000fd800000,0x00000000fd800000)
  from space 17408K, 1% used [0x00000000fec00000,0x00000000fec46808,0x00000000ffd00000)
  to   space 18944K, 0% used [0x00000000fd800000,0x00000000fd800000,0x00000000fea80000)
 ParOldGen       total 133632K, used 18822K [0x0000000081400000, 0x0000000089680000, 0x00000000d5c00000)
  object space 133632K, 14% used [0x0000000081400000,0x0000000082661a80,0x0000000089680000)
 Metaspace       used 34392K, capacity 35480K, committed 70504K, reserved 1116160K
  class space    used 2707K, capacity 2912K, committed 3072K, reserved 1048576K
Event: 544.095 GC heap after
Heap after GC invocations=34 (full 5):
 PSYoungGen      total 670208K, used 280K [0x00000000d5c00000, 0x0000000100000000, 0x0000000100000000)
  eden space 651264K, 0% used [0x00000000d5c00000,0x00000000d5c00000,0x00000000fd800000)
  from space 18944K, 1% used [0x00000000fd800000,0x00000000fd846358,0x00000000fea80000)
  to   space 18432K, 0% used [0x00000000fee00000,0x00000000fee00000,0x0000000100000000)
 ParOldGen       total 133632K, used 18822K [0x0000000081400000, 0x0000000089680000, 0x00000000d5c00000)
  object space 133632K, 14% used [0x0000000081400000,0x0000000082661a80,0x0000000089680000)
 Metaspace       used 34392K, capacity 35480K, committed 70504K, reserved 1116160K
  class space    used 2707K, capacity 2912K, committed 3072K, reserved 1048576K
}
Event: 544.294 GC heap before
{Heap before GC invocations=35 (full 5):
 PSYoungGen      total 670208K, used 651544K [0x00000000d5c00000, 0x0000000100000000, 0x0000000100000000)
  eden space 651264K, 100% used [0x00000000d5c00000,0x00000000fd800000,0x00000000fd800000)
  from space 18944K, 1% used [0x00000000fd800000,0x00000000fd846358,0x00000000fea80000)
  to   space 18432K, 0% used [0x00000000fee00000,0x00000000fee00000,0x0000000100000000)
 ParOldGen       total 133632K, used 18822K [0x0000000081400000, 0x0000000089680000, 0x00000000d5c00000)
  object space 133632K, 14% used [0x0000000081400000,0x0000000082661a80,0x0000000089680000)
 Metaspace       used 34393K, capacity 35480K, committed 70504K, reserved 1116160K
  class space    used 2707K, capacity 2912K, committed 3072K, reserved 1048576K
Event: 544.298 GC heap after
Heap after GC invocations=35 (full 5):
 PSYoungGen      total 672768K, used 7360K [0x00000000d5c00000, 0x00000000fff80000, 0x0000000100000000)
  eden space 654848K, 0% used [0x00000000d5c00000,0x00000000d5c00000,0x00000000fdb80000)
  from space 17920K, 41% used [0x00000000fee00000,0x00000000ff5301a0,0x00000000fff80000)
  to   space 18432K, 0% used [0x00000000fdb80000,0x00000000fdb80000,0x00000000fed80000)
 ParOldGen       total 133632K, used 18822K [0x0000000081400000, 0x0000000089680000, 0x00000000d5c00000)
  object space 133632K, 14% used [0x0000000081400000,0x0000000082661a80,0x0000000089680000)
 Metaspace       used 34393K, capacity 35480K, committed 70504K, reserved 1116160K
  class space    used 2707K, capacity 2912K, committed 3072K, reserved 1048576K
}

