# JRE version: Java(TM) SE Runtime Environment (8.0_131-b11) (build 1.8.0_131-b11)
# Java VM: Java HotSpot(TM) 64-Bit Server VM (25.131-b11 mixed mode windows-amd64 compressed oops)
Heap:
 PSYoungGen      total 71680K, used 44845K [0x00000000d5c00000, 0x00000000ddd00000, 0x0000000100000000)
  eden space 66560K, 59% used [0x00000000d5c00000,0x00000000d82cee98,0x00000000d9d00000)
  from space 5120K, 99% used [0x00000000d9d00000,0x00000000da1fc670,0x00000000da200000)
  to   space 19456K, 0% used [0x00000000dca00000,0x00000000dca00000,0x00000000ddd00000)
 ParOldGen       total 78336K, used 32126K [0x0000000081400000, 0x0000000086080000, 0x00000000d5c00000)
  object space 78336K, 41% used [0x0000000081400000,0x000000008335fb88,0x0000000086080000)
 Metaspace       used 25772K, capacity 26738K, committed 27008K, reserved 1073152K
  class space    used 2692K, capacity 2891K, committed 2944K, reserved 1048576K
GC Heap History (10 events):
Event: 2.068 GC heap before
{Heap before GC invocations=2 (full 0):
 PSYoungGen      total 38400K, used 38111K [0x00000000d5c00000, 0x00000000d8680000, 0x0000000100000000)
  eden space 33280K, 100% used [0x00000000d5c00000,0x00000000d7c80000,0x00000000d7c80000)
  from space 5120K, 94% used [0x00000000d7c80000,0x00000000d8137d10,0x00000000d8180000)
  to   space 5120K, 0% used [0x00000000d8180000,0x00000000d8180000,0x00000000d8680000)
 ParOldGen       total 87552K, used 24K [0x0000000081400000, 0x0000000086980000, 0x00000000d5c00000)
  object space 87552K, 0% used [0x0000000081400000,0x0000000081406000,0x0000000086980000)
 Metaspace       used 18506K, capacity 19388K, committed 19584K, reserved 1067008K
  class space    used 2658K, capacity 2845K, committed 2944K, reserved 1048576K
Event: 2.091 GC heap after
Heap after GC invocations=2 (full 0):
 PSYoungGen      total 38400K, used 5103K [0x00000000d5c00000, 0x00000000da700000, 0x0000000100000000)
  eden space 33280K, 0% used [0x00000000d5c00000,0x00000000d5c00000,0x00000000d7c80000)
  from space 5120K, 99% used [0x00000000d8180000,0x00000000d867be38,0x00000000d8680000)
  to   space 5120K, 0% used [0x00000000d7c80000,0x00000000d7c80000,0x00000000d8180000)
 ParOldGen       total 87552K, used 15765K [0x0000000081400000, 0x0000000086980000, 0x00000000d5c00000)
  object space 87552K, 18% used [0x0000000081400000,0x0000000082365748,0x0000000086980000)
 Metaspace       used 18506K, capacity 19388K, committed 19584K, reserved 1067008K
  class space    used 2658K, capacity 2845K, committed 2944K, reserved 1048576K
}
Event: 2.265 GC heap before
{Heap before GC invocations=3 (full 0):
 PSYoungGen      total 38400K, used 21283K [0x00000000d5c00000, 0x00000000da700000, 0x0000000100000000)
  eden space 33280K, 48% used [0x00000000d5c00000,0x00000000d6bccfa0,0x00000000d7c80000)
  from space 5120K, 99% used [0x00000000d8180000,0x00000000d867be38,0x00000000d8680000)
  to   space 5120K, 0% used [0x00000000d7c80000,0x00000000d7c80000,0x00000000d8180000)
 ParOldGen       total 87552K, used 15765K [0x0000000081400000, 0x0000000086980000, 0x00000000d5c00000)
  object space 87552K, 18% used [0x0000000081400000,0x0000000082365748,0x0000000086980000)
 Metaspace       used 20304K, capacity 21178K, committed 21296K, reserved 1067008K
  class space    used 2677K, capacity 2879K, committed 2944K, reserved 1048576K
Event: 2.275 GC heap after
Heap after GC invocations=3 (full 0):
 PSYoungGen      total 38400K, used 5096K [0x00000000d5c00000, 0x00000000da700000, 0x0000000100000000)
  eden space 33280K, 0% used [0x00000000d5c00000,0x00000000d5c00000,0x00000000d7c80000)
  from space 5120K, 99% used [0x00000000d7c80000,0x00000000d817a2e8,0x00000000d8180000)
  to   space 5120K, 0% used [0x00000000da200000,0x00000000da200000,0x00000000da700000)
 ParOldGen       total 87552K, used 23040K [0x0000000081400000, 0x0000000086980000, 0x00000000d5c00000)
  object space 87552K, 26% used [0x0000000081400000,0x0000000082a80308,0x0000000086980000)
 Metaspace       used 20304K, capacity 21178K, committed 21296K, reserved 1067008K
  class space    used 2677K, capacity 2879K, committed 2944K, reserved 1048576K
}
Event: 2.275 GC heap before
{Heap before GC invocations=4 (full 1):
 PSYoungGen      total 38400K, used 5096K [0x00000000d5c00000, 0x00000000da700000, 0x0000000100000000)
  eden space 33280K, 0% used [0x00000000d5c00000,0x00000000d5c00000,0x00000000d7c80000)
  from space 5120K, 99% used [0x00000000d7c80000,0x00000000d817a2e8,0x00000000d8180000)
  to   space 5120K, 0% used [0x00000000da200000,0x00000000da200000,0x00000000da700000)
 ParOldGen       total 87552K, used 23040K [0x0000000081400000, 0x0000000086980000, 0x00000000d5c00000)
  object space 87552K, 26% used [0x0000000081400000,0x0000000082a80308,0x0000000086980000)
 Metaspace       used 20304K, capacity 21178K, committed 21296K, reserved 1067008K
  class space    used 2677K, capacity 2879K, committed 2944K, reserved 1048576K
Event: 2.319 GC heap after
Heap after GC invocations=4 (full 1):
 PSYoungGen      total 38400K, used 0K [0x00000000d5c00000, 0x00000000da700000, 0x0000000100000000)
  eden space 33280K, 0% used [0x00000000d5c00000,0x00000000d5c00000,0x00000000d7c80000)
  from space 5120K, 0% used [0x00000000d7c80000,0x00000000d7c80000,0x00000000d8180000)
  to   space 5120K, 0% used [0x00000000da200000,0x00000000da200000,0x00000000da700000)
 ParOldGen       total 78336K, used 14381K [0x0000000081400000, 0x0000000086080000, 0x00000000d5c00000)
  object space 78336K, 18% used [0x0000000081400000,0x000000008220b490,0x0000000086080000)
 Metaspace       used 20304K, capacity 21178K, committed 21296K, reserved 1067008K
  class space    used 2677K, capacity 2879K, committed 2944K, reserved 1048576K
}
Event: 2.558 GC heap before
{Heap before GC invocations=5 (full 1):
 PSYoungGen      total 38400K, used 33280K [0x00000000d5c00000, 0x00000000da700000, 0x0000000100000000)
  eden space 33280K, 100% used [0x00000000d5c00000,0x00000000d7c80000,0x00000000d7c80000)
  from space 5120K, 0% used [0x00000000d7c80000,0x00000000d7c80000,0x00000000d8180000)
  to   space 5120K, 0% used [0x00000000da200000,0x00000000da200000,0x00000000da700000)
 ParOldGen       total 78336K, used 14381K [0x0000000081400000, 0x0000000086080000, 0x00000000d5c00000)
  object space 78336K, 18% used [0x0000000081400000,0x000000008220b490,0x0000000086080000)
 Metaspace       used 20955K, capacity 21828K, committed 22144K, reserved 1069056K
  class space    used 2683K, capacity 2881K, committed 2944K, reserved 1048576K
Event: 2.579 GC heap after
Heap after GC invocations=5 (full 1):
 PSYoungGen      total 60416K, used 5116K [0x00000000d5c00000, 0x00000000da700000, 0x0000000100000000)
  eden space 55296K, 0% used [0x00000000d5c00000,0x00000000d5c00000,0x00000000d9200000)
  from space 5120K, 99% used [0x00000000da200000,0x00000000da6ff310,0x00000000da700000)
  to   space 5120K, 0% used [0x00000000d9d00000,0x00000000d9d00000,0x00000000da200000)
 ParOldGen       total 78336K, used 22983K [0x0000000081400000, 0x0000000086080000, 0x00000000d5c00000)
  object space 78336K, 29% used [0x0000000081400000,0x0000000082a71e88,0x0000000086080000)
 Metaspace       used 20955K, capacity 21828K, committed 22144K, reserved 1069056K
  class space    used 2683K, capacity 2881K, committed 2944K, reserved 1048576K
}
Event: 2.958 GC heap before
{Heap before GC invocations=6 (full 1):
 PSYoungGen      total 60416K, used 60412K [0x00000000d5c00000, 0x00000000da700000, 0x0000000100000000)
  eden space 55296K, 100% used [0x00000000d5c00000,0x00000000d9200000,0x00000000d9200000)
  from space 5120K, 99% used [0x00000000da200000,0x00000000da6ff310,0x00000000da700000)
  to   space 5120K, 0% used [0x00000000d9d00000,0x00000000d9d00000,0x00000000da200000)
 ParOldGen       total 78336K, used 22983K [0x0000000081400000, 0x0000000086080000, 0x00000000d5c00000)
  object space 78336K, 29% used [0x0000000081400000,0x0000000082a71e88,0x0000000086080000)
 Metaspace       used 23804K, capacity 24778K, committed 24960K, reserved 1071104K
  class space    used 2688K, capacity 2887K, committed 2944K, reserved 1048576K
Event: 2.980 GC heap after
Heap after GC invocations=6 (full 1):
 PSYoungGen      total 71680K, used 5105K [0x00000000d5c00000, 0x00000000ddd00000, 0x0000000100000000)
  eden space 66560K, 0% used [0x00000000d5c00000,0x00000000d5c00000,0x00000000d9d00000)
  from space 5120K, 99% used [0x00000000d9d00000,0x00000000da1fc670,0x00000000da200000)
  to   space 19456K, 0% used [0x00000000dca00000,0x00000000dca00000,0x00000000ddd00000)
 ParOldGen       total 78336K, used 32126K [0x0000000081400000, 0x0000000086080000, 0x00000000d5c00000)
  object space 78336K, 41% used [0x0000000081400000,0x000000008335fb88,0x0000000086080000)
 Metaspace       used 23804K, capacity 24778K, committed 24960K, reserved 1071104K
  class space    used 2688K, capacity 2887K, committed 2944K, reserved 1048576K
}

