# JRE version: Java(TM) SE Runtime Environment (8.0_131-b11) (build 1.8.0_131-b11)
# Java VM: Java HotSpot(TM) 64-Bit Server VM (25.131-b11 mixed mode windows-amd64 compressed oops)
Heap:
 PSYoungGen      total 258560K, used 241927K [0x00000000d5c00000, 0x00000000e7100000, 0x0000000100000000)
  eden space 241664K, 96% used [0x00000000d5c00000,0x00000000e40e1f20,0x00000000e4800000)
  from space 16896K, 44% used [0x00000000e6080000,0x00000000e67e0020,0x00000000e7100000)
  to   space 20992K, 0% used [0x00000000e4800000,0x00000000e4800000,0x00000000e5c80000)
 ParOldGen       total 90112K, used 17670K [0x0000000081400000, 0x0000000086c00000, 0x00000000d5c00000)
  object space 90112K, 19% used [0x0000000081400000,0x0000000082541b28,0x0000000086c00000)
 Metaspace       used 46283K, capacity 47612K, committed 48000K, reserved 1093632K
  class space    used 2734K, capacity 2936K, committed 2944K, reserved 1048576K
GC Heap History (10 events):
Event: 4.390 GC heap before
{Heap before GC invocations=8 (full 1):
 PSYoungGen      total 121344K, used 116073K [0x00000000d5c00000, 0x00000000df780000, 0x0000000100000000)
  eden space 101376K, 100% used [0x00000000d5c00000,0x00000000dbf00000,0x00000000dbf00000)
  from space 19968K, 73% used [0x00000000dd280000,0x00000000de0da418,0x00000000de600000)
  to   space 19968K, 0% used [0x00000000dbf00000,0x00000000dbf00000,0x00000000dd280000)
 ParOldGen       total 71680K, used 31691K [0x0000000081400000, 0x0000000085a00000, 0x00000000d5c00000)
  object space 71680K, 44% used [0x0000000081400000,0x00000000832f2ed0,0x0000000085a00000)
 Metaspace       used 31254K, capacity 32290K, committed 32640K, reserved 1079296K
  class space    used 2701K, capacity 2902K, committed 2944K, reserved 1048576K
Event: 4.400 GC heap after
Heap after GC invocations=8 (full 1):
 PSYoungGen      total 121344K, used 13814K [0x00000000d5c00000, 0x00000000e3000000, 0x0000000100000000)
  eden space 101376K, 0% used [0x00000000d5c00000,0x00000000d5c00000,0x00000000dbf00000)
  from space 19968K, 69% used [0x00000000dbf00000,0x00000000dcc7d938,0x00000000dd280000)
  to   space 19456K, 0% used [0x00000000e1d00000,0x00000000e1d00000,0x00000000e3000000)
 ParOldGen       total 71680K, used 31699K [0x0000000081400000, 0x0000000085a00000, 0x00000000d5c00000)
  object space 71680K, 44% used [0x0000000081400000,0x00000000832f4ed0,0x0000000085a00000)
 Metaspace       used 31254K, capacity 32290K, committed 32640K, reserved 1079296K
  class space    used 2701K, capacity 2902K, committed 2944K, reserved 1048576K
}
Event: 4.702 GC heap before
{Heap before GC invocations=9 (full 1):
 PSYoungGen      total 121344K, used 85735K [0x00000000d5c00000, 0x00000000e3000000, 0x0000000100000000)
  eden space 101376K, 70% used [0x00000000d5c00000,0x00000000da23c448,0x00000000dbf00000)
  from space 19968K, 69% used [0x00000000dbf00000,0x00000000dcc7d938,0x00000000dd280000)
  to   space 19456K, 0% used [0x00000000e1d00000,0x00000000e1d00000,0x00000000e3000000)
 ParOldGen       total 71680K, used 31699K [0x0000000081400000, 0x0000000085a00000, 0x00000000d5c00000)
  object space 71680K, 44% used [0x0000000081400000,0x00000000832f4ed0,0x0000000085a00000)
 Metaspace       used 34156K, capacity 35176K, committed 35456K, reserved 1081344K
  class space    used 2707K, capacity 2908K, committed 2944K, reserved 1048576K
Event: 4.719 GC heap after
Heap after GC invocations=9 (full 1):
 PSYoungGen      total 197632K, used 8706K [0x00000000d5c00000, 0x00000000e3080000, 0x0000000100000000)
  eden space 178176K, 0% used [0x00000000d5c00000,0x00000000d5c00000,0x00000000e0a00000)
  from space 19456K, 44% used [0x00000000e1d00000,0x00000000e2580a60,0x00000000e3000000)
  to   space 19456K, 0% used [0x00000000e0a00000,0x00000000e0a00000,0x00000000e1d00000)
 ParOldGen       total 71680K, used 34917K [0x0000000081400000, 0x0000000085a00000, 0x00000000d5c00000)
  object space 71680K, 48% used [0x0000000081400000,0x0000000083619738,0x0000000085a00000)
 Metaspace       used 34156K, capacity 35176K, committed 35456K, reserved 1081344K
  class space    used 2707K, capacity 2908K, committed 2944K, reserved 1048576K
}
Event: 4.719 GC heap before
{Heap before GC invocations=10 (full 2):
 PSYoungGen      total 197632K, used 8706K [0x00000000d5c00000, 0x00000000e3080000, 0x0000000100000000)
  eden space 178176K, 0% used [0x00000000d5c00000,0x00000000d5c00000,0x00000000e0a00000)
  from space 19456K, 44% used [0x00000000e1d00000,0x00000000e2580a60,0x00000000e3000000)
  to   space 19456K, 0% used [0x00000000e0a00000,0x00000000e0a00000,0x00000000e1d00000)
 ParOldGen       total 71680K, used 34917K [0x0000000081400000, 0x0000000085a00000, 0x00000000d5c00000)
  object space 71680K, 48% used [0x0000000081400000,0x0000000083619738,0x0000000085a00000)
 Metaspace       used 34156K, capacity 35176K, committed 35456K, reserved 1081344K
  class space    used 2707K, capacity 2908K, committed 2944K, reserved 1048576K
Event: 4.773 GC heap after
Heap after GC invocations=10 (full 2):
 PSYoungGen      total 197632K, used 0K [0x00000000d5c00000, 0x00000000e3080000, 0x0000000100000000)
  eden space 178176K, 0% used [0x00000000d5c00000,0x00000000d5c00000,0x00000000e0a00000)
  from space 19456K, 0% used [0x00000000e1d00000,0x00000000e1d00000,0x00000000e3000000)
  to   space 19456K, 0% used [0x00000000e0a00000,0x00000000e0a00000,0x00000000e1d00000)
 ParOldGen       total 90112K, used 17654K [0x0000000081400000, 0x0000000086c00000, 0x00000000d5c00000)
  object space 90112K, 19% used [0x0000000081400000,0x000000008253db28,0x0000000086c00000)
 Metaspace       used 24234K, capacity 25100K, committed 31360K, reserved 1077248K
  class space    used 2686K, capacity 2884K, committed 2944K, reserved 1048576K
}
Event: 5.478 GC heap before
{Heap before GC invocations=11 (full 2):
 PSYoungGen      total 197632K, used 177715K [0x00000000d5c00000, 0x00000000e3080000, 0x0000000100000000)
  eden space 178176K, 99% used [0x00000000d5c00000,0x00000000e098cf08,0x00000000e0a00000)
  from space 19456K, 0% used [0x00000000e1d00000,0x00000000e1d00000,0x00000000e3000000)
  to   space 19456K, 0% used [0x00000000e0a00000,0x00000000e0a00000,0x00000000e1d00000)
 ParOldGen       total 90112K, used 17654K [0x0000000081400000, 0x0000000086c00000, 0x00000000d5c00000)
  object space 90112K, 19% used [0x0000000081400000,0x000000008253db28,0x0000000086c00000)
 Metaspace       used 31398K, capacity 32340K, committed 32640K, reserved 1079296K
  class space    used 2699K, capacity 2899K, committed 2944K, reserved 1048576K
Event: 5.490 GC heap after
Heap after GC invocations=11 (full 2):
 PSYoungGen      total 197632K, used 17541K [0x00000000d5c00000, 0x00000000e7480000, 0x0000000100000000)
  eden space 178176K, 0% used [0x00000000d5c00000,0x00000000d5c00000,0x00000000e0a00000)
  from space 19456K, 90% used [0x00000000e0a00000,0x00000000e1b21508,0x00000000e1d00000)
  to   space 20480K, 0% used [0x00000000e6080000,0x00000000e6080000,0x00000000e7480000)
 ParOldGen       total 90112K, used 17662K [0x0000000081400000, 0x0000000086c00000, 0x00000000d5c00000)
  object space 90112K, 19% used [0x0000000081400000,0x000000008253fb28,0x0000000086c00000)
 Metaspace       used 31398K, capacity 32340K, committed 32640K, reserved 1079296K
  class space    used 2699K, capacity 2899K, committed 2944K, reserved 1048576K
}
Event: 6.132 GC heap before
{Heap before GC invocations=12 (full 2):
 PSYoungGen      total 197632K, used 195717K [0x00000000d5c00000, 0x00000000e7480000, 0x0000000100000000)
  eden space 178176K, 100% used [0x00000000d5c00000,0x00000000e0a00000,0x00000000e0a00000)
  from space 19456K, 90% used [0x00000000e0a00000,0x00000000e1b21508,0x00000000e1d00000)
  to   space 20480K, 0% used [0x00000000e6080000,0x00000000e6080000,0x00000000e7480000)
 ParOldGen       total 90112K, used 17662K [0x0000000081400000, 0x0000000086c00000, 0x00000000d5c00000)
  object space 90112K, 19% used [0x0000000081400000,0x000000008253fb28,0x0000000086c00000)
 Metaspace       used 39257K, capacity 40436K, committed 40832K, reserved 1087488K
  class space    used 2713K, capacity 2915K, committed 2944K, reserved 1048576K
Event: 6.140 GC heap after
Heap after GC invocations=12 (full 2):
 PSYoungGen      total 258560K, used 7552K [0x00000000d5c00000, 0x00000000e7100000, 0x0000000100000000)
  eden space 241664K, 0% used [0x00000000d5c00000,0x00000000d5c00000,0x00000000e4800000)
  from space 16896K, 44% used [0x00000000e6080000,0x00000000e67e0020,0x00000000e7100000)
  to   space 20992K, 0% used [0x00000000e4800000,0x00000000e4800000,0x00000000e5c80000)
 ParOldGen       total 90112K, used 17670K [0x0000000081400000, 0x0000000086c00000, 0x00000000d5c00000)
  object space 90112K, 19% used [0x0000000081400000,0x0000000082541b28,0x0000000086c00000)
 Metaspace       used 39257K, capacity 40436K, committed 40832K, reserved 1087488K
  class space    used 2713K, capacity 2915K, committed 2944K, reserved 1048576K
}

