# JRE version: Java(TM) SE Runtime Environment (8.0_131-b11) (build 1.8.0_131-b11)
# Java VM: Java HotSpot(TM) 64-Bit Server VM (25.131-b11 mixed mode windows-amd64 compressed oops)
Heap:
 PSYoungGen      total 497152K, used 342172K [0x00000000d5c00000, 0x00000000f8f00000, 0x0000000100000000)
  eden space 485376K, 70% used [0x00000000d5c00000,0x00000000ea9b0f18,0x00000000f3600000)
  from space 11776K, 4% used [0x00000000f3600000,0x00000000f3676140,0x00000000f4180000)
  to   space 9728K, 0% used [0x00000000f8580000,0x00000000f8580000,0x00000000f8f00000)
 ParOldGen       total 118784K, used 34092K [0x0000000081400000, 0x0000000088800000, 0x00000000d5c00000)
  object space 118784K, 28% used [0x0000000081400000,0x000000008354b150,0x0000000088800000)
 Metaspace       used 48477K, capacity 49678K, committed 50432K, reserved 1097728K
  class space    used 2725K, capacity 2927K, committed 3072K, reserved 1048576K
GC Heap History (10 events):
Event: 10.591 GC heap before
{Heap before GC invocations=36 (full 3):
 PSYoungGen      total 434176K, used 417750K [0x00000000d5c00000, 0x00000000f1780000, 0x0000000100000000)
  eden space 417280K, 100% used [0x00000000d5c00000,0x00000000ef380000,0x00000000ef380000)
  from space 16896K, 2% used [0x00000000f0700000,0x00000000f0775b40,0x00000000f1780000)
  to   space 18432K, 0% used [0x00000000ef380000,0x00000000ef380000,0x00000000f0580000)
 ParOldGen       total 118784K, used 34076K [0x0000000081400000, 0x0000000088800000, 0x00000000d5c00000)
  object space 118784K, 28% used [0x0000000081400000,0x0000000083547150,0x0000000088800000)
 Metaspace       used 45879K, capacity 47048K, committed 49536K, reserved 1095680K
  class space    used 2719K, capacity 2921K, committed 3072K, reserved 1048576K
Event: 10.595 GC heap after
Heap after GC invocations=36 (full 3):
 PSYoungGen      total 435712K, used 438K [0x00000000d5c00000, 0x00000000f4e00000, 0x0000000100000000)
  eden space 417280K, 0% used [0x00000000d5c00000,0x00000000d5c00000,0x00000000ef380000)
  from space 18432K, 2% used [0x00000000ef380000,0x00000000ef3ed918,0x00000000f0580000)
  to   space 12800K, 0% used [0x00000000f4180000,0x00000000f4180000,0x00000000f4e00000)
 ParOldGen       total 118784K, used 34084K [0x0000000081400000, 0x0000000088800000, 0x00000000d5c00000)
  object space 118784K, 28% used [0x0000000081400000,0x0000000083549150,0x0000000088800000)
 Metaspace       used 45879K, capacity 47048K, committed 49536K, reserved 1095680K
  class space    used 2719K, capacity 2921K, committed 3072K, reserved 1048576K
}
Event: 10.717 GC heap before
{Heap before GC invocations=37 (full 3):
 PSYoungGen      total 435712K, used 417718K [0x00000000d5c00000, 0x00000000f4e00000, 0x0000000100000000)
  eden space 417280K, 100% used [0x00000000d5c00000,0x00000000ef380000,0x00000000ef380000)
  from space 18432K, 2% used [0x00000000ef380000,0x00000000ef3ed918,0x00000000f0580000)
  to   space 12800K, 0% used [0x00000000f4180000,0x00000000f4180000,0x00000000f4e00000)
 ParOldGen       total 118784K, used 34084K [0x0000000081400000, 0x0000000088800000, 0x00000000d5c00000)
  object space 118784K, 28% used [0x0000000081400000,0x0000000083549150,0x0000000088800000)
 Metaspace       used 45882K, capacity 47048K, committed 49536K, reserved 1095680K
  class space    used 2719K, capacity 2921K, committed 3072K, reserved 1048576K
Event: 10.724 GC heap after
Heap after GC invocations=37 (full 3):
 PSYoungGen      total 497664K, used 393K [0x00000000d5c00000, 0x00000000f4d80000, 0x0000000100000000)
  eden space 485376K, 0% used [0x00000000d5c00000,0x00000000d5c00000,0x00000000f3600000)
  from space 12288K, 3% used [0x00000000f4180000,0x00000000f41e2620,0x00000000f4d80000)
  to   space 11776K, 0% used [0x00000000f3600000,0x00000000f3600000,0x00000000f4180000)
 ParOldGen       total 118784K, used 34084K [0x0000000081400000, 0x0000000088800000, 0x00000000d5c00000)
  object space 118784K, 28% used [0x0000000081400000,0x0000000083549150,0x0000000088800000)
 Metaspace       used 45882K, capacity 47048K, committed 49536K, reserved 1095680K
  class space    used 2719K, capacity 2921K, committed 3072K, reserved 1048576K
}
Event: 10.879 GC heap before
{Heap before GC invocations=38 (full 3):
 PSYoungGen      total 497664K, used 485769K [0x00000000d5c00000, 0x00000000f4d80000, 0x0000000100000000)
  eden space 485376K, 100% used [0x00000000d5c00000,0x00000000f3600000,0x00000000f3600000)
  from space 12288K, 3% used [0x00000000f4180000,0x00000000f41e2620,0x00000000f4d80000)
  to   space 11776K, 0% used [0x00000000f3600000,0x00000000f3600000,0x00000000f4180000)
 ParOldGen       total 118784K, used 34084K [0x0000000081400000, 0x0000000088800000, 0x00000000d5c00000)
  object space 118784K, 28% used [0x0000000081400000,0x0000000083549150,0x0000000088800000)
 Metaspace       used 45883K, capacity 47048K, committed 49536K, reserved 1095680K
  class space    used 2719K, capacity 2921K, committed 3072K, reserved 1048576K
Event: 10.884 GC heap after
Heap after GC invocations=38 (full 3):
 PSYoungGen      total 497152K, used 344K [0x00000000d5c00000, 0x00000000f4d80000, 0x0000000100000000)
  eden space 485376K, 0% used [0x00000000d5c00000,0x00000000d5c00000,0x00000000f3600000)
  from space 11776K, 2% used [0x00000000f3600000,0x00000000f3656110,0x00000000f4180000)
  to   space 12288K, 0% used [0x00000000f4180000,0x00000000f4180000,0x00000000f4d80000)
 ParOldGen       total 118784K, used 34084K [0x0000000081400000, 0x0000000088800000, 0x00000000d5c00000)
  object space 118784K, 28% used [0x0000000081400000,0x0000000083549150,0x0000000088800000)
 Metaspace       used 45883K, capacity 47048K, committed 49536K, reserved 1095680K
  class space    used 2719K, capacity 2921K, committed 3072K, reserved 1048576K
}
Event: 11.057 GC heap before
{Heap before GC invocations=39 (full 3):
 PSYoungGen      total 497152K, used 485720K [0x00000000d5c00000, 0x00000000f4d80000, 0x0000000100000000)
  eden space 485376K, 100% used [0x00000000d5c00000,0x00000000f3600000,0x00000000f3600000)
  from space 11776K, 2% used [0x00000000f3600000,0x00000000f3656110,0x00000000f4180000)
  to   space 12288K, 0% used [0x00000000f4180000,0x00000000f4180000,0x00000000f4d80000)
 ParOldGen       total 118784K, used 34084K [0x0000000081400000, 0x0000000088800000, 0x00000000d5c00000)
  object space 118784K, 28% used [0x0000000081400000,0x0000000083549150,0x0000000088800000)
 Metaspace       used 45883K, capacity 47048K, committed 49536K, reserved 1095680K
  class space    used 2719K, capacity 2921K, committed 3072K, reserved 1048576K
Event: 11.062 GC heap after
Heap after GC invocations=39 (full 3):
 PSYoungGen      total 497664K, used 280K [0x00000000d5c00000, 0x00000000f4d80000, 0x0000000100000000)
  eden space 485376K, 0% used [0x00000000d5c00000,0x00000000d5c00000,0x00000000f3600000)
  from space 12288K, 2% used [0x00000000f4180000,0x00000000f41c6320,0x00000000f4d80000)
  to   space 11776K, 0% used [0x00000000f3600000,0x00000000f3600000,0x00000000f4180000)
 ParOldGen       total 118784K, used 34092K [0x0000000081400000, 0x0000000088800000, 0x00000000d5c00000)
  object space 118784K, 28% used [0x0000000081400000,0x000000008354b150,0x0000000088800000)
 Metaspace       used 45883K, capacity 47048K, committed 49536K, reserved 1095680K
  class space    used 2719K, capacity 2921K, committed 3072K, reserved 1048576K
}
Event: 11.195 GC heap before
{Heap before GC invocations=40 (full 3):
 PSYoungGen      total 497664K, used 485656K [0x00000000d5c00000, 0x00000000f4d80000, 0x0000000100000000)
  eden space 485376K, 100% used [0x00000000d5c00000,0x00000000f3600000,0x00000000f3600000)
  from space 12288K, 2% used [0x00000000f4180000,0x00000000f41c6320,0x00000000f4d80000)
  to   space 11776K, 0% used [0x00000000f3600000,0x00000000f3600000,0x00000000f4180000)
 ParOldGen       total 118784K, used 34092K [0x0000000081400000, 0x0000000088800000, 0x00000000d5c00000)
  object space 118784K, 28% used [0x0000000081400000,0x000000008354b150,0x0000000088800000)
 Metaspace       used 45883K, capacity 47048K, committed 49536K, reserved 1095680K
  class space    used 2719K, capacity 2921K, committed 3072K, reserved 1048576K
Event: 11.198 GC heap after
Heap after GC invocations=40 (full 3):
 PSYoungGen      total 497152K, used 472K [0x00000000d5c00000, 0x00000000f8f00000, 0x0000000100000000)
  eden space 485376K, 0% used [0x00000000d5c00000,0x00000000d5c00000,0x00000000f3600000)
  from space 11776K, 4% used [0x00000000f3600000,0x00000000f3676140,0x00000000f4180000)
  to   space 9728K, 0% used [0x00000000f8580000,0x00000000f8580000,0x00000000f8f00000)
 ParOldGen       total 118784K, used 34092K [0x0000000081400000, 0x0000000088800000, 0x00000000d5c00000)
  object space 118784K, 28% used [0x0000000081400000,0x000000008354b150,0x0000000088800000)
 Metaspace       used 45883K, capacity 47048K, committed 49536K, reserved 1095680K
  class space    used 2719K, capacity 2921K, committed 3072K, reserved 1048576K
}

